<?xml version="1.0" encoding="UTF-8"?>
<testng-results skipped="0" failed="0" ignored="0" total="1" passed="1">
  <reporter-output>
  </reporter-output>
  <suite name="Default suite" duration-ms="29" started-at="2019-02-11T23:47:57Z" finished-at="2019-02-11T23:47:57Z">
    <groups>
    </groups>
    <test name="Default test" duration-ms="29" started-at="2019-02-11T23:47:57Z" finished-at="2019-02-11T23:47:57Z">
      <class name="com.SeleniumWork.LoggingTest.Log4jTest">
        <test-method status="PASS" signature="displayLogs()[pri:0, instance:com.SeleniumWork.LoggingTest.Log4jTest@2f7c2f4f]" name="displayLogs" duration-ms="13" started-at="2019-02-11T23:47:57Z" finished-at="2019-02-11T23:47:57Z">
          <reporter-output>
          </reporter-output>
        </test-method> <!-- displayLogs -->
      </class> <!-- com.SeleniumWork.LoggingTest.Log4jTest -->
    </test> <!-- Default test -->
  </suite> <!-- Default suite -->
</testng-results>
