<?xml version="1.0" encoding="UTF-8"?>
<testng-results skipped="0" failed="0" ignored="0" total="1" passed="1">
  <reporter-output>
  </reporter-output>
  <suite name="Default suite" duration-ms="14595" started-at="2019-02-16T18:38:11Z" finished-at="2019-02-16T18:38:26Z">
    <groups>
    </groups>
    <test name="Default test" duration-ms="14595" started-at="2019-02-16T18:38:11Z" finished-at="2019-02-16T18:38:26Z">
      <class name="com.SeleniumWork.FraworkTest.JOBillingPageTest">
        <test-method status="PASS" signature="searchJO()[pri:0, instance:com.SeleniumWork.FraworkTest.JOBillingPageTest@482f8f11]" name="searchJO" duration-ms="14568" started-at="2019-02-16T18:38:11Z" finished-at="2019-02-16T18:38:26Z">
          <reporter-output>
          </reporter-output>
        </test-method> <!-- searchJO -->
      </class> <!-- com.SeleniumWork.FraworkTest.JOBillingPageTest -->
    </test> <!-- Default test -->
  </suite> <!-- Default suite -->
</testng-results>
