<?xml version="1.0" encoding="UTF-8"?>
<!-- Generated by org.testng.reporters.JUnitXMLReporter -->
<testsuite hostname="5119-W7" ignored="0" name="Loan Department" tests="9" failures="1" timestamp="25 Jan 2019 00:17:55 GMT" time="0.033" errors="0">
  <testcase name="carLoanLoginAPI" time="0.006" classname="com.TestNG.ACarLoan"/>
  <testcase name="carLoanLoginMobile" time="0.0" classname="com.TestNG.ACarLoan"/>
  <testcase name="carLoanLoginWeb" time="0.001" classname="com.TestNG.ACarLoan"/>
  <testcase name="bikeLoanLogin1Web" time="0.001" classname="com.TestNG.BikeLoan"/>
  <testcase name="bikeLoanLoginAPI" time="0.001" classname="com.TestNG.BikeLoan">
    <failure type="java.lang.ArithmeticException" message="/ by zero">
      <![CDATA[java.lang.ArithmeticException: / by zero
at com.TestNG.BikeLoan.bikeLoanLoginAPI(BikeLoan.java:17)
at java.util.concurrent.FutureTask.run(Unknown Source)
at java.util.concurrent.ThreadPoolExecutor.runWorker(Unknown Source)
at java.util.concurrent.ThreadPoolExecutor$Worker.run(Unknown Source)
at java.lang.Thread.run(Unknown Source)
... Removed 16 stack frames]]>
    </failure>
  </testcase> <!-- bikeLoanLoginAPI -->
  <testcase name="bikeLoanLoginMobile" time="0.0" classname="com.TestNG.BikeLoan"/>
  <testcase name="homeLoanLoginAPI" time="0.0" classname="com.TestNG.HomeLoan"/>
  <testcase name="homeLoanLoginMobile" time="0.001" classname="com.TestNG.HomeLoan"/>
  <testcase name="homeLoanLoginWeb" time="0.001" classname="com.TestNG.HomeLoan"/>
</testsuite> <!-- Loan Department -->
