<?xml version="1.0" encoding="UTF-8"?>
<!-- Generated by org.testng.reporters.JUnitXMLReporter -->
<testsuite hostname="5119-W7" ignored="3" name="Test" tests="3" failures="0" timestamp="13 Mar 2019 10:01:48 GMT" time="0.028" errors="0">
  <testcase name="test3" time="0.007" classname="com.SeleniumWork.FraworkTest.GroupingTest"/>
  <testcase name="test6" time="0.001" classname="com.SeleniumWork.FraworkTest.GroupingTest"/>
  <testcase name="test5" time="0.001" classname="com.SeleniumWork.FraworkTest.GroupingTest"/>
  <testcase name="test1" time="0.0" classname="com.SeleniumWork.FraworkTest.GroupingTest">
    <ignored/>
  </testcase> <!-- test1 -->
  <testcase name="test4" time="0.0" classname="com.SeleniumWork.FraworkTest.GroupingTest">
    <ignored/>
  </testcase> <!-- test4 -->
  <testcase name="test2" time="0.0" classname="com.SeleniumWork.FraworkTest.GroupingTest">
    <ignored/>
  </testcase> <!-- test2 -->
</testsuite> <!-- Test -->
