<?xml version="1.0" encoding="UTF-8"?>
<!-- Generated by org.testng.reporters.JUnitXMLReporter -->
<testsuite hostname="5119-W7" ignored="0" name="Test" tests="2" failures="0" timestamp="18 Mar 2019 14:29:35 GMT" time="12.961" errors="0">
  <testcase name="verifyWebPageTitle" time="0.016" classname="com.E2EFramework.E2EProject.HomePageTest"/>
  <testcase name="verify_lbl_SelectJobOrder" time="0.028" classname="com.E2EFramework.E2EProject.JobOrderBillingPageTest"/>
</testsuite> <!-- Test -->
