<?xml version="1.0" encoding="UTF-8"?>
<!-- Generated by org.testng.reporters.JUnitXMLReporter -->
<testsuite hostname="5119-W7" ignored="0" name="Default test" tests="6" failures="0" timestamp="22 May 2018 22:01:50 GMT" time="55.721" errors="0">
  <testcase name="verifyURL" time="21.374" classname="com.SeleniumPractice.StarsHomePage"/>
  <testcase name="starsSearch" time="0.881" classname="com.SeleniumPractice.StarsHomePage"/>
  <testcase name="instructionSearch" time="8.314" classname="com.SeleniumPractice.StarsHomePage"/>
  <testcase name="invalidJO" time="17.881" classname="com.SeleniumPractice.StarsHomePage"/>
  <testcase name="checkExistingJO" time="1.705" classname="com.SeleniumPractice.StarsHomePage"/>
  <testcase name="verifyClientDetailsPage" time="3.216" classname="com.SeleniumPractice.StarsHomePage"/>
</testsuite> <!-- Default test -->
