<?xml version="1.0" encoding="UTF-8"?>
<testng-results skipped="0" failed="0" ignored="0" total="6" passed="6">
  <reporter-output>
  </reporter-output>
  <suite name="Default suite" duration-ms="55721" started-at="2018-05-22T22:00:54Z" finished-at="2018-05-22T22:01:49Z">
    <groups>
    </groups>
    <test name="Default test" duration-ms="55721" started-at="2018-05-22T22:00:54Z" finished-at="2018-05-22T22:01:49Z">
      <class name="com.SeleniumPractice.StarsHomePage">
        <test-method status="PASS" signature="beforeTest()[pri:0, instance:com.SeleniumPractice.StarsHomePage@5faeada1]" name="beforeTest" is-config="true" duration-ms="2331" started-at="2018-05-22T22:00:54Z" finished-at="2018-05-22T22:00:56Z">
          <reporter-output>
          </reporter-output>
        </test-method> <!-- beforeTest -->
        <test-method status="PASS" signature="verifyURL()[pri:1, instance:com.SeleniumPractice.StarsHomePage@5faeada1]" name="verifyURL" duration-ms="21374" started-at="2018-05-22T22:00:56Z" finished-at="2018-05-22T22:01:17Z">
          <reporter-output>
          </reporter-output>
        </test-method> <!-- verifyURL -->
        <test-method status="PASS" signature="starsSearch()[pri:2, instance:com.SeleniumPractice.StarsHomePage@5faeada1]" name="starsSearch" duration-ms="881" started-at="2018-05-22T22:01:17Z" finished-at="2018-05-22T22:01:18Z">
          <reporter-output>
          </reporter-output>
        </test-method> <!-- starsSearch -->
        <test-method status="PASS" signature="instructionSearch()[pri:3, instance:com.SeleniumPractice.StarsHomePage@5faeada1]" name="instructionSearch" duration-ms="8314" started-at="2018-05-22T22:01:18Z" finished-at="2018-05-22T22:01:27Z">
          <reporter-output>
          </reporter-output>
        </test-method> <!-- instructionSearch -->
        <test-method status="PASS" signature="invalidJO()[pri:4, instance:com.SeleniumPractice.StarsHomePage@5faeada1]" name="invalidJO" duration-ms="17881" started-at="2018-05-22T22:01:27Z" finished-at="2018-05-22T22:01:45Z">
          <reporter-output>
          </reporter-output>
        </test-method> <!-- invalidJO -->
        <test-method status="PASS" signature="checkExistingJO()[pri:5, instance:com.SeleniumPractice.StarsHomePage@5faeada1]" name="checkExistingJO" duration-ms="1705" started-at="2018-05-22T22:01:45Z" finished-at="2018-05-22T22:01:46Z">
          <reporter-output>
          </reporter-output>
        </test-method> <!-- checkExistingJO -->
        <test-method status="PASS" signature="verifyClientDetailsPage()[pri:6, instance:com.SeleniumPractice.StarsHomePage@5faeada1]" name="verifyClientDetailsPage" duration-ms="3216" started-at="2018-05-22T22:01:46Z" finished-at="2018-05-22T22:01:49Z">
          <reporter-output>
          </reporter-output>
        </test-method> <!-- verifyClientDetailsPage -->
        <test-method status="PASS" signature="afterTest()[pri:0, instance:com.SeleniumPractice.StarsHomePage@5faeada1]" name="afterTest" is-config="true" duration-ms="0" started-at="2018-05-22T22:01:49Z" finished-at="2018-05-22T22:01:49Z">
          <reporter-output>
          </reporter-output>
        </test-method> <!-- afterTest -->
      </class> <!-- com.SeleniumPractice.StarsHomePage -->
    </test> <!-- Default test -->
  </suite> <!-- Default suite -->
</testng-results>
