<?xml version="1.0" encoding="UTF-8"?>
<testng-results skipped="0" failed="0" ignored="0" total="1" passed="1">
  <reporter-output>
  </reporter-output>
  <suite name="Default suite" duration-ms="43" started-at="2019-02-04T11:39:15Z" finished-at="2019-02-04T11:39:15Z">
    <groups>
    </groups>
    <test name="Default test" duration-ms="43" started-at="2019-02-04T11:39:15Z" finished-at="2019-02-04T11:39:15Z">
      <class name="com.MavenTest.Day1Test">
        <test-method status="PASS" signature="displayMessage()[pri:0, instance:com.MavenTest.Day1Test@573f2bb1]" name="displayMessage" duration-ms="13" started-at="2019-02-04T11:39:15Z" finished-at="2019-02-04T11:39:15Z">
          <reporter-output>
          </reporter-output>
        </test-method> <!-- displayMessage -->
      </class> <!-- com.MavenTest.Day1Test -->
    </test> <!-- Default test -->
  </suite> <!-- Default suite -->
</testng-results>
