<?xml version="1.0" encoding="UTF-8"?>
<testng-results skipped="0" failed="0" ignored="0" total="1" passed="1">
  <reporter-output>
  </reporter-output>
  <suite name="Default suite" duration-ms="415" started-at="2019-02-01T00:25:32Z" finished-at="2019-02-01T00:25:33Z">
    <groups>
    </groups>
    <test name="Default test" duration-ms="415" started-at="2019-02-01T00:25:32Z" finished-at="2019-02-01T00:25:33Z">
      <class name="com.SeleniumWork.MavenTest.GetTestDataFromExcel">
        <test-method status="PASS" signature="getTestCaseData()[pri:0, instance:com.SeleniumWork.MavenTest.GetTestDataFromExcel@46d56d67]" name="getTestCaseData" duration-ms="400" started-at="2019-02-01T00:25:32Z" finished-at="2019-02-01T00:25:33Z">
          <reporter-output>
          </reporter-output>
        </test-method> <!-- getTestCaseData -->
      </class> <!-- com.SeleniumWork.MavenTest.GetTestDataFromExcel -->
    </test> <!-- Default test -->
  </suite> <!-- Default suite -->
</testng-results>
